#
# There is insufficient memory for the Java Runtime Environment to continue.
# Native memory allocation (mmap) failed to map 268435456 bytes for Failed to commit area from 0x0000000701600000 to 0x0000000711600000 of length 268435456.
# Possible reasons:
#   The system is out of physical RAM or swap space
#   The process is running with CompressedOops enabled, and the Java Heap may be blocking the growth of the native heap
# Possible solutions:
#   Reduce memory load on the system
#   Increase physical memory or swap space
#   Check if swap backing store is full
#   Decrease Java heap size (-Xmx/-Xms)
#   Decrease number of Java threads
#   Decrease Java thread stack sizes (-Xss)
#   Set larger code cache with -XX:ReservedCodeCacheSize=
# This output file may be truncated or incomplete.
#
#  Out of Memory Error (./src/hotspot/os/windows/os_windows.cpp:3619), pid=24596, tid=22804
#
# JRE version:  (11.0.13+7) (build )
# Java VM: OpenJDK 64-Bit Server VM (11.0.13+7-b1751.21, mixed mode, sharing, tiered, compressed oops, g1 gc, windows-amd64)
# No core dump will be written. Minidumps are not enabled by default on client versions of Windows
#

---------------  S U M M A R Y ------------

Command Line: git4idea.http.GitAskPassApp Username for 'https://github.com': 

Host: Intel(R) Core(TM) i5-4590 CPU @ 3.30GHz, 4 cores, 15G,  Windows 10 , 64 bit Build 19041 (10.0.19041.1466)
Time: Fri Feb  4 08:36:05 2022 Финляндия (зима) elapsed time: 0.041539 seconds (0d 0h 0m 0s)

---------------  T H R E A D  ---------------

Current thread (0x00000246a7029000):  JavaThread "Unknown thread" [_thread_in_vm, id=22804, stack(0x0000008731c00000,0x0000008731d00000)]

Stack: [0x0000008731c00000,0x0000008731d00000]
Native frames: (J=compiled Java code, j=interpreted, Vv=VM code, C=native code)
V  [jvm.dll+0x613daa]
V  [jvm.dll+0x799b30]
V  [jvm.dll+0x79b14d]
V  [jvm.dll+0x79b823]
V  [jvm.dll+0x24c958]
V  [jvm.dll+0x610e24]
V  [jvm.dll+0x605b25]
V  [jvm.dll+0x30aaab]
V  [jvm.dll+0x30aa1a]
V  [jvm.dll+0x30a8f2]
V  [jvm.dll+0x30f856]
V  [jvm.dll+0x359143]
V  [jvm.dll+0x359846]
V  [jvm.dll+0x359243]
V  [jvm.dll+0x2e57a8]
V  [jvm.dll+0x2e6947]
V  [jvm.dll+0x776d47]
V  [jvm.dll+0x77853c]
V  [jvm.dll+0x3666c9]
V  [jvm.dll+0x75a9ce]
V  [jvm.dll+0x3d47d3]
V  [jvm.dll+0x3d6d21]
C  [jli.dll+0x536b]
C  [ucrtbase.dll+0x21bb2]
C  [KERNEL32.DLL+0x17034]
C  [ntdll.dll+0x52651]


---------------  P R O C E S S  ---------------

Threads class SMR info:
_java_thread_list=0x00000246a4f0e900, length=0, elements={
}

Java Threads: ( => current thread )

Other Threads:
  0x00000246a7042800 GCTaskThread "GC Thread#0" [stack: 0x0000008731d00000,0x0000008731e00000] [id=16256]
  0x00000246a709d800 ConcurrentGCThread "G1 Main Marker" [stack: 0x0000008731e00000,0x0000008731f00000] [id=17092]
  0x00000246a709f800 ConcurrentGCThread "G1 Conc#0" [stack: 0x0000008731f00000,0x0000008732000000] [id=24100]

[error occurred during error reporting (printing all threads), id 0xc0000005, EXCEPTION_ACCESS_VIOLATION (0xc0000005) at pc=0x00007ff9048d5c97]

VM state:not at safepoint (not fully initialized)

VM Mutex/Monitor currently owned by a thread:  ([mutex/lock_event])
[0x00000246a7026720] Heap_lock - owner thread: 0x00000246a7029000

Heap address: 0x0000000701600000, size: 4074 MB, Compressed Oops mode: Non-zero based: 0x0000000701600000
Narrow klass base: 0x0000000000000000, Narrow klass shift: 0

GC Heap History (0 events):
No events

Deoptimization events (0 events):
No events

Classes redefined (0 events):
No events

Internal exceptions (0 events):
No events

Events (1 events):
Event: 0.030 Loaded shared library C:\Program Files\JetBrains\PhpStorm 2019.2.2\jbr\bin\zip.dll


Dynamic libraries:
0x00007ff7c59b0000 - 0x00007ff7c59ba000 	C:\Program Files\JetBrains\PhpStorm 2019.2.2\jbr\bin\java.exe
0x00007ff930490000 - 0x00007ff930685000 	C:\WINDOWS\SYSTEM32\ntdll.dll
0x00007ff92f160000 - 0x00007ff92f21e000 	C:\WINDOWS\System32\KERNEL32.DLL
0x00007ff92e0b0000 - 0x00007ff92e378000 	C:\WINDOWS\System32\KERNELBASE.dll
0x00007ff92b4e0000 - 0x00007ff92b570000 	C:\WINDOWS\SYSTEM32\apphelp.dll
0x00007ff92ded0000 - 0x00007ff92dfd0000 	C:\WINDOWS\System32\ucrtbase.dll
0x00007ff917e00000 - 0x00007ff917e17000 	C:\Program Files\JetBrains\PhpStorm 2019.2.2\jbr\bin\VCRUNTIME140.dll
0x00007ff917de0000 - 0x00007ff917df9000 	C:\Program Files\JetBrains\PhpStorm 2019.2.2\jbr\bin\jli.dll
0x00007ff92f600000 - 0x00007ff92f7a1000 	C:\WINDOWS\System32\USER32.dll
0x00007ff92de10000 - 0x00007ff92de32000 	C:\WINDOWS\System32\win32u.dll
0x00007ff92f030000 - 0x00007ff92f05b000 	C:\WINDOWS\System32\GDI32.dll
0x00007ff92dba0000 - 0x00007ff92dcad000 	C:\WINDOWS\System32\gdi32full.dll
0x00007ff92e380000 - 0x00007ff92e41d000 	C:\WINDOWS\System32\msvcp_win.dll
0x00007ff910780000 - 0x00007ff910a1a000 	C:\WINDOWS\WinSxS\amd64_microsoft.windows.common-controls_6595b64144ccf1df_6.0.19041.1110_none_60b5254171f9507e\COMCTL32.dll
0x00007ff92f500000 - 0x00007ff92f59e000 	C:\WINDOWS\System32\msvcrt.dll
0x00007ff92f060000 - 0x00007ff92f090000 	C:\WINDOWS\System32\IMM32.DLL
0x00007ff900a90000 - 0x00007ff900b2d000 	C:\Program Files\JetBrains\PhpStorm 2019.2.2\jbr\bin\msvcp140.dll
0x00007ff9045e0000 - 0x00007ff905156000 	C:\Program Files\JetBrains\PhpStorm 2019.2.2\jbr\bin\server\jvm.dll
0x00007ff92f220000 - 0x00007ff92f2ce000 	C:\WINDOWS\System32\ADVAPI32.dll
0x00007ff92f2d0000 - 0x00007ff92f36c000 	C:\WINDOWS\System32\sechost.dll
0x00007ff9301e0000 - 0x00007ff930305000 	C:\WINDOWS\System32\RPCRT4.dll
0x00007ff92e530000 - 0x00007ff92e538000 	C:\WINDOWS\System32\PSAPI.DLL
0x00007ff905f20000 - 0x00007ff905f29000 	C:\WINDOWS\SYSTEM32\WSOCK32.dll
0x00007ff92e700000 - 0x00007ff92e76b000 	C:\WINDOWS\System32\WS2_32.dll
0x00007ff925e30000 - 0x00007ff925e3a000 	C:\WINDOWS\SYSTEM32\VERSION.dll
0x00007ff915af0000 - 0x00007ff915b17000 	C:\WINDOWS\SYSTEM32\WINMM.dll
0x00007ff92b9d0000 - 0x00007ff92b9e2000 	C:\WINDOWS\SYSTEM32\kernel.appcore.dll
0x00007ff91e9b0000 - 0x00007ff91e9c1000 	C:\Program Files\JetBrains\PhpStorm 2019.2.2\jbr\bin\verify.dll
0x00007ff928f20000 - 0x00007ff929104000 	C:\WINDOWS\SYSTEM32\DBGHELP.DLL
0x00007ff928d10000 - 0x00007ff928d3c000 	C:\WINDOWS\SYSTEM32\dbgcore.DLL
0x00007ff92de40000 - 0x00007ff92dec2000 	C:\WINDOWS\System32\bcryptPrimitives.dll
0x00007ff91e960000 - 0x00007ff91e989000 	C:\Program Files\JetBrains\PhpStorm 2019.2.2\jbr\bin\java.dll
0x00007ff9294b0000 - 0x00007ff9294bb000 	C:\Program Files\JetBrains\PhpStorm 2019.2.2\jbr\bin\jimage.dll
0x00007ff91e140000 - 0x00007ff91e158000 	C:\Program Files\JetBrains\PhpStorm 2019.2.2\jbr\bin\zip.dll

dbghelp: loaded successfully - version: 4.0.5 - missing functions: none
symbol engine: initialized successfully - sym options: 0x614 - pdb path: .;C:\Program Files\JetBrains\PhpStorm 2019.2.2\jbr\bin;C:\WINDOWS\SYSTEM32;C:\WINDOWS\WinSxS\amd64_microsoft.windows.common-controls_6595b64144ccf1df_6.0.19041.1110_none_60b5254171f9507e;C:\Program Files\JetBrains\PhpStorm 2019.2.2\jbr\bin\server

VM Arguments:
java_command: git4idea.http.GitAskPassApp Username for 'https://github.com': 
java_class_path (initial): C:/Program Files/JetBrains/PhpStorm 2019.2.2/plugins/git4idea/lib/git4idea-rt.jar;C:/Program Files/JetBrains/PhpStorm 2019.2.2/lib/3rd-party.jar;C:/Program Files/JetBrains/PhpStorm 2019.2.2/lib/3rd-party-rt.jar
Launcher Type: SUN_STANDARD

[Global flags]
     intx CICompilerCount                          = 3                                         {product} {ergonomic}
     uint ConcGCThreads                            = 1                                         {product} {ergonomic}
     uint G1ConcRefinementThreads                  = 4                                         {product} {ergonomic}
   size_t G1HeapRegionSize                         = 1048576                                   {product} {ergonomic}
    uintx GCDrainStackTargetSize                   = 64                                        {product} {ergonomic}
   size_t InitialHeapSize                          = 268435456                                 {product} {ergonomic}
   size_t MarkStackSize                            = 4194304                                   {product} {ergonomic}
   size_t MaxHeapSize                              = 4271898624                                {product} {ergonomic}
   size_t MinHeapDeltaBytes                        = 1048576                                   {product} {ergonomic}
    uintx NonNMethodCodeHeapSize                   = 5830732                                {pd product} {ergonomic}
    uintx NonProfiledCodeHeapSize                  = 122913754                              {pd product} {ergonomic}
    uintx ProfiledCodeHeapSize                     = 122913754                              {pd product} {ergonomic}
    uintx ReservedCodeCacheSize                    = 251658240                              {pd product} {ergonomic}
     bool SegmentedCodeCache                       = true                                      {product} {ergonomic}
     bool UseCompressedClassPointers               = true                                 {lp64_product} {ergonomic}
     bool UseCompressedOops                        = true                                 {lp64_product} {ergonomic}
     bool UseG1GC                                  = true                                      {product} {ergonomic}
     bool UseLargePagesIndividualAllocation        = false                                  {pd product} {ergonomic}

Logging:
Log output configuration:
 #0: stdout all=warning uptime,level,tags
 #1: stderr all=off uptime,level,tags

Environment Variables:
PATH=C:\Program Files\Git\mingw64\libexec\git-core;C:\Program Files\Git\mingw64\libexec\git-core;C:\Program Files\Git\mingw64\bin;C:\Program Files\Git\usr\bin;C:\Users\ACER\bin;C:\Program Files (x86)\Common Files\Oracle\Java\javapath;C:\WINDOWS\system32;C:\WINDOWS;C:\WINDOWS\System32\Wbem;C:\WINDOWS\System32\WindowsPowerShell\v1.0;C:\WINDOWS\System32\OpenSSH;C:\Program Files\PuTTY;C:\HashiCorp\Vagrant\bin;C:\Program Files\Git\cmd;C:\php;C:\composer;C:\Users\ACER\AppData\Local\Microsoft\WindowsApps;C:\Users\ACER\AppData\Roaming\Composer\vendor\bin
USERNAME=ACER
DISPLAY=:0.0
LC_ALL=en_US.UTF-8
OS=Windows_NT
PROCESSOR_IDENTIFIER=Intel64 Family 6 Model 60 Stepping 3, GenuineIntel



---------------  S Y S T E M  ---------------

OS: Windows 10 , 64 bit Build 19041 (10.0.19041.1466)
OS uptime: 23 days 7:10 hours

CPU:total 4 (initial active 4) (4 cores per cpu, 1 threads per core) family 6 model 60 stepping 3 microcode 0x27, cmov, cx8, fxsr, mmx, sse, sse2, sse3, ssse3, sse4.1, sse4.2, popcnt, avx, avx2, aes, clmul, erms, lzcnt, tsc, tscinvbit, bmi1, bmi2, fma

Memory: 4k page, system-wide physical 16292M (2265M free)
TotalPageFile size 24316M (AvailPageFile size 169M)
current process WorkingSet (physical memory assigned to process): 10M, peak: 10M
current process commit charge ("private bytes"): 52M, peak: 308M

vm_info: OpenJDK 64-Bit Server VM (11.0.13+7-b1751.21) for windows-amd64 JRE (11.0.13+7-b1751.21), built on Nov 30 2021 02:32:50 by "" with MS VC++ 14.0 (VS2015)

END.
